[    0.000000] Linux version 4.15.0-96-generic (buildd@lgw01-amd64-004) (gcc version 7.5.0 (Ubuntu 7.5.0-3ubuntu1~18.04)) #97-Ubuntu SMP Wed Apr 1 03:25:46 UTC 2020 (Ubuntu 4.15.0-96.97-generic 4.15.18)
[    0.000000] Command line: BOOT_IMAGE=/boot/vmlinuz-4.15.0-96-generic root=LABEL=cloudimg-rootfs ro console=tty1 console=ttyS0
[    0.000000] KERNEL supported cpus:
[    0.000000]   Intel GenuineIntel
[    0.000000]   AMD AuthenticAMD
[    0.000000]   Centaur CentaurHauls
[    0.000000] x86/fpu: Supporting XSAVE feature 0x001: 'x87 floating point registers'
[    0.000000] x86/fpu: Supporting XSAVE feature 0x002: 'SSE registers'
[    0.000000] x86/fpu: Supporting XSAVE feature 0x004: 'AVX registers'
[    0.000000] x86/fpu: xstate_offset[2]:  576, xstate_sizes[2]:  256
[    0.000000] x86/fpu: Enabled xstate features 0x7, context size is 832 bytes, using 'standard' format.
[    0.000000] e820: BIOS-provided physical RAM map:
[    0.000000] BIOS-e820: [mem 0x0000000000000000-0x000000000009fbff] usable
[    0.000000] BIOS-e820: [mem 0x000000000009fc00-0x000000000009ffff] reserved
[    0.000000] BIOS-e820: [mem 0x00000000000f0000-0x00000000000fffff] reserved
[    0.000000] BIOS-e820: [mem 0x0000000000100000-0x000000003ffeffff] usable
[    0.000000] BIOS-e820: [mem 0x000000003fff0000-0x000000003fffffff] ACPI data
[    0.000000] BIOS-e820: [mem 0x00000000fec00000-0x00000000fec00fff] reserved
[    0.000000] BIOS-e820: [mem 0x00000000fee00000-0x00000000fee00fff] reserved
[    0.000000] BIOS-e820: [mem 0x00000000fffc0000-0x00000000ffffffff] reserved
[    0.000000] NX (Execute Disable) protection: active
[    0.000000] SMBIOS 2.5 present.
[    0.000000] DMI: innotek GmbH VirtualBox/VirtualBox, BIOS VirtualBox 12/01/2006
[    0.000000] Hypervisor detected: KVM
[    0.000000] e820: last_pfn = 0x3fff0 max_arch_pfn = 0x400000000
[    0.000000] MTRR: Disabled
[    0.000000] x86/PAT: MTRRs disabled, skipping PAT initialization too.
[    0.000000] CPU MTRRs all blank - virtualized system.
[    0.000000] x86/PAT: Configuration [0-7]: WB  WT  UC- UC  WB  WT  UC- UC  
[    0.000000] found SMP MP-table at [mem 0x0009fff0-0x0009ffff]
[    0.000000] Scanning 1 areas for low memory corruption
[    0.000000] RAMDISK: [mem 0x35a6f000-0x36d2efff]
[    0.000000] ACPI: Early table checksum verification disabled
[    0.000000] ACPI: RSDP 0x00000000000E0000 000024 (v02 VBOX  )
[    0.000000] ACPI: XSDT 0x000000003FFF0030 00003C (v01 VBOX   VBOXXSDT 00000001 ASL  00000061)
[    0.000000] ACPI: FACP 0x000000003FFF00F0 0000F4 (v04 VBOX   VBOXFACP 00000001 ASL  00000061)
[    0.000000] ACPI: DSDT 0x000000003FFF0470 002325 (v02 VBOX   VBOXBIOS 00000002 INTL 20200528)
[    0.000000] ACPI: FACS 0x000000003FFF0200 000040
[    0.000000] ACPI: FACS 0x000000003FFF0200 000040
[    0.000000] ACPI: APIC 0x000000003FFF0240 00005C (v02 VBOX   VBOXAPIC 00000001 ASL  00000061)
[    0.000000] ACPI: SSDT 0x000000003FFF02A0 0001CC (v01 VBOX   VBOXCPUT 00000002 INTL 20200528)
[    0.000000] No NUMA configuration found
[    0.000000] Faking a node at [mem 0x0000000000000000-0x000000003ffeffff]
[    0.000000] NODE_DATA(0) allocated [mem 0x3ffc5000-0x3ffeffff]
[    0.000000] kvm-clock: cpu 0, msr 0:3ff44001, primary cpu clock
[    0.000000] kvm-clock: Using msrs 4b564d01 and 4b564d00
[    0.000000] kvm-clock: using sched offset of 3106655435 cycles
[    0.000000] clocksource: kvm-clock: mask: 0xffffffffffffffff max_cycles: 0x1cd42e4dffb, max_idle_ns: 881590591483 ns
[    0.000000] Zone ranges:
[    0.000000]   DMA      [mem 0x0000000000001000-0x0000000000ffffff]
[    0.000000]   DMA32    [mem 0x0000000001000000-0x000000003ffeffff]
[    0.000000]   Normal   empty
[    0.000000]   Device   empty
[    0.000000] Movable zone start for each node
[    0.000000] Early memory node ranges
[    0.000000]   node   0: [mem 0x0000000000001000-0x000000000009efff]
[    0.000000]   node   0: [mem 0x0000000000100000-0x000000003ffeffff]
[    0.000000] Reserved but unavailable: 98 pages
[    0.000000] Initmem setup node 0 [mem 0x0000000000001000-0x000000003ffeffff]
[    0.000000] ACPI: PM-Timer IO Port: 0x4008
[    0.000000] IOAPIC[0]: apic_id 2, version 32, address 0xfec00000, GSI 0-23
[    0.000000] ACPI: INT_SRC_OVR (bus 0 bus_irq 0 global_irq 2 dfl dfl)
[    0.000000] ACPI: INT_SRC_OVR (bus 0 bus_irq 9 global_irq 9 low level)
[    0.000000] Using ACPI (MADT) for SMP configuration information
[    0.000000] smpboot: Allowing 2 CPUs, 0 hotplug CPUs
[    0.000000] PM: Registered nosave memory: [mem 0x00000000-0x00000fff]
[    0.000000] PM: Registered nosave memory: [mem 0x0009f000-0x0009ffff]
[    0.000000] PM: Registered nosave memory: [mem 0x000a0000-0x000effff]
[    0.000000] PM: Registered nosave memory: [mem 0x000f0000-0x000fffff]
[    0.000000] e820: [mem 0x40000000-0xfebfffff] available for PCI devices
[    0.000000] Booting paravirtualized kernel on KVM
[    0.000000] clocksource: refined-jiffies: mask: 0xffffffff max_cycles: 0xffffffff, max_idle_ns: 7645519600211568 ns
[    0.000000] random: get_random_bytes called from start_kernel+0x99/0x4fd with crng_init=0
[    0.000000] setup_percpu: NR_CPUS:8192 nr_cpumask_bits:2 nr_cpu_ids:2 nr_node_ids:1
[    0.000000] percpu: Embedded 45 pages/cpu s147456 r8192 d28672 u1048576
[    0.000000] PV qspinlock hash table entries: 256 (order: 0, 4096 bytes)
[    0.000000] Built 1 zonelists, mobility grouping on.  Total pages: 257913
[    0.000000] Policy zone: DMA32
[    0.000000] Kernel command line: BOOT_IMAGE=/boot/vmlinuz-4.15.0-96-generic root=LABEL=cloudimg-rootfs ro console=tty1 console=ttyS0
[    0.000000] Memory: 983068K/1048120K available (12300K kernel code, 2481K rwdata, 4264K rodata, 2432K init, 2712K bss, 65052K reserved, 0K cma-reserved)
[    0.000000] SLUB: HWalign=64, Order=0-3, MinObjects=0, CPUs=2, Nodes=1
[    0.000000] Kernel/User page tables isolation: enabled
[    0.000000] ftrace: allocating 39351 entries in 154 pages
[    0.004000] Hierarchical RCU implementation.
[    0.004000] 	RCU restricting CPUs from NR_CPUS=8192 to nr_cpu_ids=2.
[    0.004000] 	Tasks RCU enabled.
[    0.004000] RCU: Adjusting geometry for rcu_fanout_leaf=16, nr_cpu_ids=2
[    0.004000] NR_IRQS: 524544, nr_irqs: 440, preallocated irqs: 16
[    0.004000] Console: colour VGA+ 80x25
[    0.004000] console [tty1] enabled
[    0.004000] console [ttyS0] enabled
[    0.004000] ACPI: Core revision 20170831
[    0.004000] ACPI: 2 ACPI AML tables successfully acquired and loaded
[    0.004000] APIC: Switch to symmetric I/O mode setup
[    0.004000] x2apic enabled
[    0.004000] Switched APIC routing to physical x2apic.
[    0.004000] ..TIMER: vector=0x30 apic1=0 pin1=2 apic2=-1 pin2=-1
[    0.004000] tsc: Detected 1992.017 MHz processor
[    0.004000] Calibrating delay loop (skipped) preset value.. 3984.03 BogoMIPS (lpj=7968068)
[    0.004006] pid_max: default: 32768 minimum: 301
[    0.004537] Security Framework initialized
[    0.004979] Yama: becoming mindful.
[    0.005396] AppArmor: AppArmor initialized
[    0.006422] Dentry cache hash table entries: 131072 (order: 8, 1048576 bytes)
[    0.007145] Inode-cache hash table entries: 65536 (order: 7, 524288 bytes)
[    0.008009] Mount-cache hash table entries: 2048 (order: 2, 16384 bytes)
[    0.008675] Mountpoint-cache hash table entries: 2048 (order: 2, 16384 bytes)
[    0.009608] Last level iTLB entries: 4KB 64, 2MB 8, 4MB 8
[    0.010182] Last level dTLB entries: 4KB 64, 2MB 0, 4MB 0, 1GB 4
[    0.010795] Spectre V1 : Mitigation: usercopy/swapgs barriers and __user pointer sanitization
[    0.012001] Spectre V2 : Mitigation: Full generic retpoline
[    0.012586] Spectre V2 : Spectre v2 / SpectreRSB mitigation: Filling RSB on context switch
[    0.013420] Speculative Store Bypass: Vulnerable
[    0.013963] MDS: Vulnerable: Clear CPU buffers attempted, no microcode
[    0.014735] Freeing SMP alternatives memory: 36K
[    0.125300] smpboot: CPU0: Intel(R) Core(TM) i7-8565U CPU @ 1.80GHz (family: 0x6, model: 0x8e, stepping: 0xb)
[    0.126418] Performance Events: unsupported p6 CPU model 142 no PMU driver, software events only.
[    0.127331] Hierarchical SRCU implementation.
[    0.128000] NMI watchdog: Perf event create on CPU 0 failed with -2
[    0.128000] NMI watchdog: Perf NMI watchdog permanently disabled
[    0.128033] smp: Bringing up secondary CPUs ...
[    0.128605] x86: Booting SMP configuration:
[    0.129098] .... node  #0, CPUs:      #1
[    0.004000] kvm-clock: cpu 1, msr 0:3ff44041, secondary cpu clock
[    0.132015] smp: Brought up 1 node, 2 CPUs
[    0.132427] smpboot: Max logical packages: 1
[    0.132857] smpboot: Total of 2 processors activated (7968.06 BogoMIPS)
[    0.133566] devtmpfs: initialized
[    0.133566] x86/mm: Memory block size: 128MB
[    0.133566] evm: security.selinux
[    0.133566] evm: security.SMACK64
[    0.133699] evm: security.SMACK64EXEC
[    0.136004] evm: security.SMACK64TRANSMUTE
[    0.136475] evm: security.SMACK64MMAP
[    0.136890] evm: security.apparmor
[    0.137283] evm: security.ima
[    0.137639] evm: security.capability
[    0.138073] clocksource: jiffies: mask: 0xffffffff max_cycles: 0xffffffff, max_idle_ns: 7645041785100000 ns
[    0.138073] futex hash table entries: 512 (order: 3, 32768 bytes)
[    0.140456] pinctrl core: initialized pinctrl subsystem
[    0.141109] RTC time: 23:42:09, date: 07/27/20
[    0.141737] NET: Registered protocol family 16
[    0.142293] audit: initializing netlink subsys (disabled)
[    0.142883] audit: type=2000 audit(1595893333.540:1): state=initialized audit_enabled=0 res=1
[    0.142883] cpuidle: using governor ladder
[    0.144008] cpuidle: using governor menu
[    0.144525] ACPI: bus type PCI registered
[    0.145021] acpiphp: ACPI Hot Plug PCI Controller Driver version: 0.5
[    0.145754] PCI: Using configuration type 1 for base access
[    0.146368] HugeTLB registered 2.00 MiB page size, pre-allocated 0 pages
[    0.148052] ACPI: Added _OSI(Module Device)
[    0.148472] ACPI: Added _OSI(Processor Device)
[    0.148958] ACPI: Added _OSI(3.0 _SCP Extensions)
[    0.149467] ACPI: Added _OSI(Processor Aggregator Device)
[    0.150027] ACPI: Added _OSI(Linux-Dell-Video)
[    0.150515] ACPI: Added _OSI(Linux-Lenovo-NV-HDMI-Audio)
[    0.151076] ACPI: Added _OSI(Linux-HPI-Hybrid-Graphics)
[    0.152183] ACPI: Executed 1 blocks of module-level executable AML code
[    0.155057] ACPI: Interpreter enabled
[    0.155470] ACPI: (supports S0 S5)
[    0.155822] ACPI: Using IOAPIC for interrupt routing
[    0.156160] PCI: Using host bridge windows from ACPI; if necessary, use "pci=nocrs" and report a bug
[    0.157124] ACPI: Enabled 2 GPEs in block 00 to 07
[    0.161862] ACPI: PCI Root Bridge [PCI0] (domain 0000 [bus 00-ff])
[    0.162480] acpi PNP0A03:00: _OSC: OS supports [ASPM ClockPM Segments MSI]
[    0.163440] acpi PNP0A03:00: _OSC: not requesting OS control; OS requires [ExtendedConfig ASPM ClockPM MSI]
[    0.164008] acpi PNP0A03:00: fail to add MMCONFIG information, can't access extended PCI configuration space under this bridge.
[    0.165314] PCI host bridge to bus 0000:00
[    0.165780] pci_bus 0000:00: root bus resource [io  0x0000-0x0cf7 window]
[    0.166454] pci_bus 0000:00: root bus resource [io  0x0d00-0xffff window]
[    0.167145] pci_bus 0000:00: root bus resource [mem 0x000a0000-0x000bffff window]
[    0.168002] pci_bus 0000:00: root bus resource [mem 0x40000000-0xfdffffff window]
[    0.168749] pci_bus 0000:00: root bus resource [bus 00-ff]
[    0.170445] pci 0000:00:01.1: legacy IDE quirk: reg 0x10: [io  0x01f0-0x01f7]
[    0.171188] pci 0000:00:01.1: legacy IDE quirk: reg 0x14: [io  0x03f6]
[    0.172002] pci 0000:00:01.1: legacy IDE quirk: reg 0x18: [io  0x0170-0x0177]
[    0.172727] pci 0000:00:01.1: legacy IDE quirk: reg 0x1c: [io  0x0376]
[    0.183004] pci 0000:00:07.0: quirk: [io  0x4000-0x403f] claimed by PIIX4 ACPI
[    0.184017] pci 0000:00:07.0: quirk: [io  0x4100-0x410f] claimed by PIIX4 SMB
[    0.191289] ACPI: PCI Interrupt Link [LNKA] (IRQs 5 9 10 *11)
[    0.192213] ACPI: PCI Interrupt Link [LNKB] (IRQs 5 9 *10 11)
[    0.192861] ACPI: PCI Interrupt Link [LNKC] (IRQs 5 *9 10 11)
[    0.193529] ACPI: PCI Interrupt Link [LNKD] (IRQs 5 9 10 *11)
[    0.194406] SCSI subsystem initialized
[    0.194836] pci 0000:00:02.0: vgaarb: setting as boot VGA device
[    0.194836] pci 0000:00:02.0: vgaarb: VGA device added: decodes=io+mem,owns=io+mem,locks=none
[    0.196009] pci 0000:00:02.0: vgaarb: bridge control possible
[    0.196572] vgaarb: loaded
[    0.196929] ACPI: bus type USB registered
[    0.197471] usbcore: registered new interface driver usbfs
[    0.198089] usbcore: registered new interface driver hub
[    0.198649] usbcore: registered new device driver usb
[    0.199259] EDAC MC: Ver: 3.0.0
[    0.200165] PCI: Using ACPI for IRQ routing
[    0.200683] NetLabel: Initializing
[    0.201065] NetLabel:  domain hash size = 128
[    0.201545] NetLabel:  protocols = UNLABELED CIPSOv4 CALIPSO
[    0.202142] NetLabel:  unlabeled traffic allowed by default
[    0.202735] clocksource: Switched to clocksource kvm-clock
[    0.208150] VFS: Disk quotas dquot_6.6.0
[    0.208686] VFS: Dquot-cache hash table entries: 512 (order 0, 4096 bytes)
[    0.209443] AppArmor: AppArmor Filesystem Enabled
[    0.209974] pnp: PnP ACPI init
[    0.211022] pnp: PnP ACPI: found 3 devices
[    0.218990] clocksource: acpi_pm: mask: 0xffffff max_cycles: 0xffffff, max_idle_ns: 2085701024 ns
[    0.219899] NET: Registered protocol family 2
[    0.220499] TCP established hash table entries: 8192 (order: 4, 65536 bytes)
[    0.221173] TCP bind hash table entries: 8192 (order: 5, 131072 bytes)
[    0.222258] TCP: Hash tables configured (established 8192 bind 8192)
[    0.222944] UDP hash table entries: 512 (order: 2, 16384 bytes)
[    0.223507] UDP-Lite hash table entries: 512 (order: 2, 16384 bytes)
[    0.224149] NET: Registered protocol family 1
[    0.224590] pci 0000:00:00.0: Limiting direct PCI/PCI transfers
[    0.225175] pci 0000:00:01.0: Activating ISA DMA hang workarounds
[    0.225831] pci 0000:00:02.0: Video device with shadowed ROM at [mem 0x000c0000-0x000dffff]
[    0.226737] Unpacking initramfs...
[    0.418291] Freeing initrd memory: 19200K
[    0.418962] clocksource: tsc: mask: 0xffffffffffffffff max_cycles: 0x396d71ccfb8, max_idle_ns: 881590586497 ns
[    0.420077] platform rtc_cmos: registered platform RTC device (no PNP device found)
[    0.420878] Scanning for low memory corruption every 60 seconds
[    0.421973] Initialise system trusted keyrings
[    0.422479] Key type blacklist registered
[    0.423004] workingset: timestamp_bits=36 max_order=18 bucket_order=0
[    0.424474] zbud: loaded
[    0.425174] squashfs: version 4.0 (2009/01/31) Phillip Lougher
[    0.425886] fuse init (API version 7.26)
[    0.429873] Key type asymmetric registered
[    0.431861] Asymmetric key parser 'x509' registered
[    0.432755] Block layer SCSI generic (bsg) driver version 0.4 loaded (major 246)
[    0.433955] io scheduler noop registered
[    0.434522] io scheduler deadline registered
[    0.435225] io scheduler cfq registered (default)
[    0.436306] ACPI: AC Adapter [AC] (off-line)
[    0.436994] input: Power Button as /devices/LNXSYSTM:00/LNXPWRBN:00/input/input0
[    0.438031] ACPI: Power Button [PWRF]
[    0.438616] input: Sleep Button as /devices/LNXSYSTM:00/LNXSLPBN:00/input/input1
[    0.439710] ACPI: Sleep Button [SLPF]
[    0.441457] ACPI: Battery Slot [BAT0] (battery present)
[    0.443164] Serial: 8250/16550 driver, 32 ports, IRQ sharing enabled
[    0.465021] 00:02: ttyS0 at I/O 0x3f8 (irq = 4, base_baud = 115200) is a 16550A
[    0.468239] Linux agpgart interface v0.103
[    0.470052] loop: module loaded
[    0.470873] scsi host0: ata_piix
[    0.471448] scsi host1: ata_piix
[    0.471879] ata1: PATA max UDMA/33 cmd 0x1f0 ctl 0x3f6 bmdma 0xd000 irq 14
[    0.473447] ata2: PATA max UDMA/33 cmd 0x170 ctl 0x376 bmdma 0xd008 irq 15
[    0.475147] libphy: Fixed MDIO Bus: probed
[    0.475599] tun: Universal TUN/TAP device driver, 1.6
[    0.476214] PPP generic driver version 2.4.2
[    0.476748] ehci_hcd: USB 2.0 'Enhanced' Host Controller (EHCI) Driver
[    0.477419] ehci-pci: EHCI PCI platform driver
[    0.477923] ehci-platform: EHCI generic platform driver
[    0.478475] ohci_hcd: USB 1.1 'Open' Host Controller (OHCI) Driver
[    0.479084] ohci-pci: OHCI PCI platform driver
[    0.479582] ohci-platform: OHCI generic platform driver
[    0.480366] uhci_hcd: USB Universal Host Controller Interface driver
[    0.481171] i8042: PNP: PS/2 Controller [PNP0303:PS2K,PNP0f03:PS2M] at 0x60,0x64 irq 1,12
[    0.482505] serio: i8042 KBD port at 0x60,0x64 irq 1
[    0.483087] serio: i8042 AUX port at 0x60,0x64 irq 12
[    0.483844] mousedev: PS/2 mouse device common for all mice
[    0.484992] input: AT Translated Set 2 keyboard as /devices/platform/i8042/serio0/input/input2
[    0.486155] rtc_cmos rtc_cmos: rtc core: registered rtc_cmos as rtc0
[    0.486828] rtc_cmos rtc_cmos: alarms up to one day, 114 bytes nvram
[    0.487445] i2c /dev entries driver
[    0.487874] device-mapper: uevent: version 1.0.3
[    0.488589] device-mapper: ioctl: 4.37.0-ioctl (2017-09-20) initialised: dm-devel@redhat.com
[    0.489484] ledtrig-cpu: registered to indicate activity on CPUs
[    0.490563] NET: Registered protocol family 10
[    0.493400] Segment Routing with IPv6
[    0.493810] NET: Registered protocol family 17
[    0.494291] Key type dns_resolver registered
[    0.494839] mce: Using 0 MCE banks
[    0.495209] RAS: Correctable Errors collector initialized.
[    0.495812] sched_clock: Marking stable (494822196, 0)->(588779107, -93956911)
[    0.496867] registered taskstats version 1
[    0.497368] Loading compiled-in X.509 certificates
[    0.499850] Loaded X.509 cert 'Build time autogenerated kernel key: 244b473b43e18b01f00e37a87f2ecd28620f0244'
[    0.500909] zswap: loaded using pool lzo/zbud
[    0.503890] Key type big_key registered
[    0.504346] Key type trusted registered
[    0.505767] Key type encrypted registered
[    0.506181] AppArmor: AppArmor sha1 policy hashing enabled
[    0.506710] ima: No TPM chip found, activating TPM-bypass! (rc=-19)
[    0.507306] ima: Allocated hash algorithm: sha1
[    0.507763] evm: HMAC attrs: 0x1
[    0.508272]   Magic number: 12:162:758
[    0.508689] tty ttyS9: hash matches
[    0.509184] rtc_cmos rtc_cmos: setting system clock to 2020-07-27 23:42:09 UTC (1595893329)
[    0.510137] BIOS EDD facility v0.16 2004-Jun-25, 0 devices found
[    0.510771] EDD information not available.
[    0.666280] Freeing unused kernel image memory: 2432K
[    0.789775] Write protecting the kernel read-only data: 20480k
[    0.804804] Freeing unused kernel image memory: 2008K
[    0.808741] Freeing unused kernel image memory: 1880K
[    0.826927] x86/mm: Checked W+X mappings: passed, no W+X pages found.
[    0.828220] x86/mm: Checking user space page tables
[    0.836356] x86/mm: Checked W+X mappings: passed, no W+X pages found.
Loading, please wait...
starting version 237
[    0.896518] Fusion MPT base driver 3.04.20
[    0.897371] Copyright (c) 1999-2008 LSI Corporation
[    0.915006] AVX2 version of gcm_enc/dec engaged.
[    0.915875] AES CTR mode by8 optimization enabled
[    0.916585] e1000: Intel(R) PRO/1000 Network Driver - version 7.3.21-k8-NAPI
[    0.917792] e1000: Copyright (c) 1999-2006 Intel Corporation.
[    0.919835] Fusion MPT SPI Host driver 3.04.20
[    1.110636] input: ImExPS/2 Generic Explorer Mouse as /devices/platform/i8042/serio1/input/input4
[    1.461417] e1000 0000:00:03.0 eth0: (PCI:33MHz:32-bit) 02:cf:14:98:e9:22
[    1.465882] e1000 0000:00:03.0 eth0: Intel(R) PRO/1000 Network Connection
[    1.473225] mptbase: ioc0: Initiating bringup
[    1.836406] ioc0: LSI53C1030 A0: Capabilities={Initiator}
[    5.480946] scsi host2: ioc0: LSI53C1030 A0, FwRev=00000000h, Ports=1, MaxQ=256, IRQ=20
[    7.486370] scsi 2:0:0:0: Direct-Access     VBOX     HARDDISK         1.0  PQ: 0 ANSI: 5
[    7.516108] scsi target2:0:0: Beginning Domain Validation
[    7.517676] scsi target2:0:0: Domain Validation skipping write tests
[    7.518464] scsi target2:0:0: Ending Domain Validation
[    7.519173] scsi target2:0:0: asynchronous
[    7.520287] scsi 2:0:1:0: Direct-Access     VBOX     HARDDISK         1.0  PQ: 0 ANSI: 5
[    7.796073] scsi target2:0:1: Beginning Domain Validation
[    7.797614] random: fast init done
[    7.797617] scsi target2:0:1: Domain Validation skipping write tests
[    7.798843] scsi target2:0:1: Ending Domain Validation
[    7.799436] scsi target2:0:1: asynchronous
[    7.802055] random: systemd-udevd: uninitialized urandom read (16 bytes read)
[    7.802764] random: systemd-udevd: uninitialized urandom read (16 bytes read)
[    7.803470] random: systemd-udevd: uninitialized urandom read (16 bytes read)
[    7.804437] sd 2:0:0:0: [sda] 20971520 512-byte logical blocks: (10.7 GB/10.0 GiB)
[    7.805253] sd 2:0:0:0: [sda] Write Protect is off
[    7.805790] sd 2:0:0:0: Attached scsi generic sg0 type 0
[    7.806394] sd 2:0:0:0: [sda] Incomplete mode parameter data
[    7.807035] sd 2:0:0:0: [sda] Assuming drive cache: write through
[    7.808540] sd 2:0:1:0: Attached scsi generic sg1 type 0
[    7.809560] sd 2:0:1:0: [sdb] 20480 512-byte logical blocks: (10.5 MB/10.0 MiB)
[    7.810498]  sda: sda1
[    7.810894] sd 2:0:1:0: [sdb] Write Protect is off
[    7.811700] sd 2:0:1:0: [sdb] Incomplete mode parameter data
[    7.812506] sd 2:0:1:0: [sdb] Assuming drive cache: write through
[    7.814572] sd 2:0:0:0: [sda] Attached SCSI disk
[    7.816689] sd 2:0:1:0: [sdb] Attached SCSI disk
[    7.860516] e1000 0000:00:08.0 eth1: (PCI:33MHz:32-bit) 08:00:27:67:ee:1c
[    7.864108] e1000 0000:00:08.0 eth1: Intel(R) PRO/1000 Network Connection
[    7.872670] e1000 0000:00:03.0 enp0s3: renamed from eth0
[    7.892600] e1000 0000:00:08.0 enp0s8: renamed from eth1
Begin: Loading essential drivers ... [    9.317136] raid6: sse2x1   gen() 15557 MB/s
[    9.365338] raid6: sse2x1   xor()  9826 MB/s
[    9.432128] raid6: sse2x2   gen() 18203 MB/s
[    9.489748] raid6: sse2x2   xor() 11120 MB/s
[    9.537192] raid6: sse2x4   gen() 17757 MB/s
[    9.593277] raid6: sse2x4   xor() 12763 MB/s
[    9.648188] raid6: avx2x1   gen() 28829 MB/s
[    9.704465] raid6: avx2x1   xor() 19750 MB/s
[    9.764788] raid6: avx2x2   gen() 26342 MB/s
[    9.815977] raid6: avx2x2   xor() 13675 MB/s
[    9.865089] raid6: avx2x4   gen() 31216 MB/s
[    9.912485] raid6: avx2x4   xor() 16483 MB/s
[    9.913665] raid6: using algorithm avx2x4 gen() 31216 MB/s
[    9.914573] raid6: .... xor() 16483 MB/s, rmw enabled
[    9.915417] raid6: using avx2x2 recovery algorithm
[    9.917306] xor: automatically using best checksumming function   avx       
[    9.919921] async_tx: api initialized (async)
done.
Begin: Running /scripts/init-premount ... done.
Begin: Mounting root file system ... Begin: Running /scripts/local-top ... done.
Begin: Running /scripts/local-premount ... [    9.978850] Btrfs loaded, crc32c=crc32c-intel
Scanning for Btrfs filesystems
done.
Warning: fsck not present, so skipping root file system
[   10.007005] EXT4-fs (sda1): mounted filesystem with ordered data mode. Opts: (null)
done.
Begin: Running /scripts/local-bottom ... done.
Begin: Running /scripts/init-bottom ... done.
[   10.186118] ip_tables: (C) 2000-2006 Netfilter Core Team
[   10.196236] systemd[1]: systemd 237 running in system mode. (+PAM +AUDIT +SELINUX +IMA +APPARMOR +SMACK +SYSVINIT +UTMP +LIBCRYPTSETUP +GCRYPT +GNUTLS +ACL +XZ +LZ4 +SECCOMP +BLKID +ELFUTILS +KMOD -IDN2 +IDN -PCRE2 default-hierarchy=hybrid)
[   10.199345] systemd[1]: Detected virtualization oracle.
[   10.200027] systemd[1]: Detected architecture x86-64.

Welcome to [1mUbuntu 18.04.4 LTS[0m!

[   10.204677] systemd[1]: Set hostname to <ubuntu-bionic>.
[   10.482195] systemd[1]: Set up automount Arbitrary Executable File Formats File System Automount Point.
[[0;32m  OK  [0m] Set up automount Arbitrary Executab…rmats File System Automount Point.
[   10.484884] systemd[1]: Reached target System Time Synchronized.
[[0;32m  OK  [0m] Reached target System Time Synchronized.
[   10.486889] systemd[1]: Reached target User and Group Name Lookups.
[[0;32m  OK  [0m] Reached target User and Group Name Lookups.
[   10.500298] systemd[1]: Started Forward Password Requests to Wall Directory Watch.
[[0;32m  OK  [0m] Started Forward Password Requests to Wall Directory Watch.
[   10.517435] systemd[1]: Created slice System Slice.
[[0;32m  OK  [0m] Created slice System Slice.
[   10.518743] systemd[1]: Listening on Journal Socket.
[[0;32m  OK  [0m] Listening on Journal Socket.
         Starting Create list of required st…ce nodes for the current kernel...
         Starting Uncomplicated firewall...
         Starting Remount Root and Kernel File Systems...
         Starting Set the console keyboard layout...
[[0;32m  OK  [0m] Listening on Syslog Socket.
[[0;32m  OK  [0m] Listening on /dev/initctl Compatibility Named Pipe.
[[0;32m  OK  [0m] Listening on LVM2 metadata daemon socket.
[[0;32m  OK  [0m] Created slice User and Session Slice.
         Mounting Huge Pages File System...
[[0;32m  OK  [0m] Reached target Slices.
         Mounting POSIX Message Queue File System...
[[0;32m  OK  [0m] Reached target Swap.
[[0;32m  OK  [0m] Listening on LVM2 poll daemon socket.
[[0;32m  OK  [0m] Created slice system-serial\x2dgetty.slice.
[[0;32m  OK  [0m] Listening on Journal Audit Socket.
[[0;32m  OK  [0m] Listening on Journal Socket (/dev/log).
         Starting Journal Service...
         Mounting Kernel Debug File System...
[[0;32m  OK  [0m] Listening on Network Service Netlink Socket.
[[0;32m  OK  [0m] Listening on Device-mapper event daemon FIFOs.
         Starting Monitoring of LVM2 mirr[   10.570176] EXT4-fs (sda1): re-mounted. Opts: (null)
ors…ng dmeventd or progress polling...
[[0;32m  OK  [0m] Listening on udev Control Socket.
         Starting Load Kernel Modules...
[[0;32m  OK  [0m] Listening on udev Kernel Socket.
         Starting udev Coldplug all Devices...
[[0;32m  OK  [0m] Started Create list of required sta…vice nodes for the current kernel.
[[0;32m  OK  [0m] Started Uncomplicated firewall.
[[0;32m  OK  [0m] Started Remount Root and Kernel File Systems.
[[0;32m  OK  [0m] Mounted Huge Pages File System.
[[0;32m  OK  [0m] Mounted POSIX Message Queue File System.
[[0;32m  OK  [0m] Mounted Kernel Debug File System.
[[0;32m  OK  [0m] Started LVM2 metadata daemon.
         Starting Load/Save Random Seed...
         Starting Create Static Device Nodes in /dev...
[[0;32m  OK  [0m] Started Load/Save Random Seed.
[[0;32m  OK  [0m] Started Journal Service.
         Starting Flush Journal to Persistent Storage...
[[0;32m  OK  [0m] Started udev Coldplug all Devices.
[   10.693665] Loading iSCSI transport class v2.0-870.
[   10.704900] iscsi: registered transport (tcp)
[[0;32m  OK  [0m] Started Create Static Device Nodes in /dev.
         Starting udev Kernel Device Manager...
[   10.756912] systemd-journald[391]: Received request to flush runtime journal from PID 1
[[0;32m  OK  [0m] Started Monitoring of LVM2 mirrors,…sing dmeventd or progress polling.
[   10.783042] iscsi: registered transport (iser)
[[0;32m  OK  [0m] Started Load Kernel Modules.
         Mounting Kernel Configuration File System...
         Starting Apply Kernel Variables...
         Mounting FUSE Control File System...
[[0;32m  OK  [0m] Mounted Kernel Configuration File System.
[[0;32m  OK  [0m] Mounted FUSE Control File System.
[[0;32m  OK  [0m] Started udev Kernel Device Manager.
[[0;32m  OK  [0m] Started Apply Kernel Variables.
[[0;32m  OK  [0m] Started Flush Journal to Persistent Storage.
[[0;32m  OK  [0m] Found device /dev/ttyS0.
[[0;32m  OK  [0m] Listening on Load/Save RF Kill Switch Status /dev/rfkill Watch.
[[0;32m  OK  [0m] Started Set the console keyboard layout.
[[0;32m  OK  [0m] Reached target Local File Systems (Pre).
[[0;32m  OK  [0m] Reached target Local File Systems.
         Starting ebtables ruleset management...
         Starting Tell Plymouth To Write Out Runtime Data...
         Starting AppArmor initialization...
         Starting Set console font and keymap...
         Starting Create Volatile Files and Directories...
[[0;32m  OK  [0m] Started Dispatch Password Requests to Console Directory Watch.
[[0;32m  OK  [0m] Reached target Local Encrypted Volumes.
[[0;32m  OK  [0m] Started Set console font and keymap.
[[0;32m  OK  [0m] Started Tell Plymouth To Write Out Runtime Data.
[[0;32m  OK  [0m] Started Create Volatile Files and Directories.
         Starting Update UTMP about System Boot/Shutdown...
[[0;32m  OK  [0m] Started Update UTMP about System Boot/Shutdown.
[[0;32m  OK  [0m] Started ebtables ruleset management.
[[0;32m  OK  [0m] Started AppArmor initialization.
         Starting Initial cloud-init job (pre-networking)...
[   13.115094] cloud-init[676]: Cloud-init v. 19.4-33-gbb4131a2-0ubuntu1~18.04.1 running 'init-local' at Mon, 27 Jul 2020 23:42:21 +0000. Up 12.87 seconds.
[[0;32m  OK  [0m] Started Initial cloud-init job (pre-networking).
[[0;32m  OK  [0m] Reached target Network (Pre).
         Starting Network Service...
[[0;32m  OK  [0m] Started Network Service.
         Starting Wait for Network to be Configured...
         Starting Network Name Resolution...
[[0;32m  OK  [0m] Started Network Name Resolution.
[[0;32m  OK  [0m] Reached target Host and Network Name Lookups.
[[0;32m  OK  [0m] Reached target Network.
[[0;32m  OK  [0m] Started Wait for Network to be Configured.
         Starting Initial cloud-init job (metadata service crawler)...
[   15.479655] cloud-init[795]: Cloud-init v. 19.4-33-gbb4131a2-0ubuntu1~18.04.1 running 'init' at Mon, 27 Jul 2020 23:42:24 +0000. Up 15.38 seconds.
[   15.481717] cloud-init[795]: ci-info: ++++++++++++++++++++++++++++++++++++++Net device info+++++++++++++++++++++++++++++++++++++++
[   15.482910] cloud-init[795]: ci-info: +--------+------+-----------------------------+---------------+--------+-------------------+
[   15.492163] cloud-init[795]: ci-info: | Device |  Up  |           Address           |      Mask     | Scope  |     Hw-Address    |
[   15.492884] cloud-init[795]: ci-info: +--------+------+-----------------------------+---------------+--------+-------------------+
[   15.493769] cloud-init[795]: ci-info: | enp0s3 | True |          10.0.2.15          | 255.255.255.0 | global | 02:cf:14:98:e9:22 |
[   15.494564] cloud-init[795]: ci-info: | enp0s3 | True |  fe80::cf:14ff:fe98:e922/64 |       .       |  link  | 02:cf:14:98:e9:22 |
[   15.495347] cloud-init[795]: ci-info: | enp0s8 | True |        192.168.10.10        | 255.255.255.0 | global | 08:00:27:67:ee:1c |
[   15.496180] cloud-init[795]: ci-info: | enp0s8 | True | fe80::a00:27ff:fe67:ee1c/64 |       .       |  link  | 08:00:27:67:ee:1c |
[   15.497268] cloud-init[795]: ci-info: |   lo   | True |          127.0.0.1          |   255.0.0.0   |  host  |         .         |
[   15.498330] cloud-init[795]: ci-info: |   lo   | True |           ::1/128           |       .       |  host  |         .         |
[   15.499420] cloud-init[795]: ci-info: +--------+------+-----------------------------+---------------+--------+-------------------+
[   15.500695] cloud-init[795]: ci-info: +++++++++++++++++++++++++++++Route IPv4 info+++++++++++++++++++++++++++++
[   15.501857] cloud-init[795]: ci-info: +-------+--------------+----------+-----------------+-----------+-------+
[   15.502836] cloud-init[795]: ci-info: | Route | Destination  | Gateway  |     Genmask     | Interface | Flags |
[   15.516322] cloud-init[795]: ci-info: +-------+--------------+----------+-----------------+-----------+-------+
[   15.517249] cloud-init[795]: ci-info: |   0   |   0.0.0.0    | 10.0.2.2 |     0.0.0.0     |   enp0s3  |   UG  |
[   15.518226] cloud-init[795]: ci-info: |   1   |   10.0.2.0   | 0.0.0.0  |  255.255.255.0  |   enp0s3  |   U   |
[   15.519182] cloud-init[795]: ci-info: |   2   |   10.0.2.2   | 0.0.0.0  | 255.255.255.255 |   enp0s3  |   UH  |
[   15.520221] cloud-init[795]: ci-info: |   3   | 192.168.10.0 | 0.0.0.0  |  255.255.255.0  |   enp0s8  |   U   |
[   15.521153] cloud-init[795]: ci-info: +-------+--------------+----------+-----------------+-----------+-------+
[   15.522332] cloud-init[795]: ci-info: +++++++++++++++++++Route IPv6 info+++++++++++++++++++
[   15.523173] cloud-init[795]: ci-info: +-------+-------------+---------+-----------+-------+
[   15.523987] cloud-init[795]: ci-info: | Route | Destination | Gateway | Interface | Flags |
[   15.524916] cloud-init[795]: ci-info: +-------+-------------+---------+-----------+-------+
[   15.525747] cloud-init[795]: ci-info: |   1   |  fe80::/64  |    ::   |   enp0s8  |   U   |
[   15.526551] cloud-init[795]: ci-info: |   2   |  fe80::/64  |    ::   |   enp0s3  |   U   |
[   15.527352] cloud-init[795]: ci-info: |   4   |    local    |    ::   |   enp0s3  |   U   |
[   15.528187] cloud-init[795]: ci-info: |   5   |    local    |    ::   |   enp0s8  |   U   |
[   15.528996] cloud-init[795]: ci-info: |   6   |   ff00::/8  |    ::   |   enp0s8  |   U   |
[   15.529795] cloud-init[795]: ci-info: |   7   |   ff00::/8  |    ::   |   enp0s3  |   U   |
[   15.542502] cloud-init[795]: ci-info: +-------+-------------+---------+-----------+-------+
[[0;32m  OK  [0m] Started Initial cloud-init job (metadata service crawler).
[[0;32m  OK  [0m] Reached target Cloud-config availability.
[[0;32m  OK  [0m] Reached target Network is Online.
         Starting Availability of block devices...
[[0;32m  OK  [0m] Reached target Remote File Systems (Pre).
[[0;32m  OK  [0m] Reached target Remote File Systems.
[[0;32m  OK  [0m] Reached target System Initialization.
[[0;32m  OK  [0m] Listening on UUID daemon activation socket.
[[0;32m  OK  [0m] Listening on ACPID Listen Socket.
         Starting LXD - unix socket.
[[0;32m  OK  [0m] Started Discard unused blocks once a week.
[[0;32m  OK  [0m] Started ACPI Events Check.
[[0;32m  OK  [0m] Started Daily Cleanup of Temporary Directories.
[[0;32m  OK  [0m] Listening on D-Bus System Message Bus Socket.
         Starting Socket activation for snappy daemon.
[[0;32m  OK  [0m] Reached target Paths.
[[0;32m  OK  [0m] Started Message of the Day.
[[0;32m  OK  [0m] Started Daily apt download activities.
[[0;32m  OK  [0m] Started Daily apt upgrade and clean activities.
[[0;32m  OK  [0m] Reached target Timers.
[[0;32m  OK  [0m] Listening on Open-iSCSI iscsid Socket.
[[0;32m  OK  [0m] Started Availability of block devices.
[[0;32m  OK  [0m] Listening on LXD - unix socket.
[[0;32m  OK  [0m] Listening on Socket activation for snappy daemon.
[[0;32m  OK  [0m] Reached target Sockets.
[[0;32m  OK  [0m] Reached target Basic System.
         Starting Virtualbox guest utils...
         Starting Login Service...
[[0;32m  OK  [0m] Started D-Bus System Message Bus.
         Starting Permit User Sessions...
         Starting LSB: Record successful boot for GRUB...
         Starting Dispatcher daemon for systemd-networkd...
         Starting Accounts Service...
         Starting System Logging Service...
         Starting OpenBSD Secure Shell server...
         Starting LSB: automatic crash report generation...
[[0;32m  OK  [0m] Started FUSE filesystem for LXC.
[[0;32m  OK  [0m] Started irqbalance daemon.
[[0;32m  OK  [0m] Started Regular background program processing daemon.
[[0;32m  OK  [0m] Started An object/document-oriented database.
         Starting Snappy daemon...
[[0;32m  OK  [0m] Started Deferred execution scheduler.
         Starting LXD - container startup/shutdown...
[[0;32m  OK  [0m] Started Permit User Sessions.
[[0;32m  OK  [0m] Started Login Service.
[[0;32m  OK  [0m] Started Unattended Upgrades Shutdown.
         Starting Terminate Plymouth Boot Screen...
         Starting Hold until boot process finishes up...
[[0;32m  OK  [0m] Started Hold until boot process finishes up.
[[0;32m  OK  [0m] Started Serial Getty on ttyS0.
         Starting Set console scheme...
[[0;32m  OK  [0m] Started System Logging Service.
[[0;32m  OK  [0m] Started Terminate Plymouth Boot Screen.
[[0;32m  OK  [0m] Started Set console scheme.
[[0;32m  OK  [0m] Created slice system-getty.slice.
[[0;32m  OK  [0m] Started Getty on tty1.
[[0;32m  OK  [0m] Reached target Login Prompts.
[[0;32m  OK  [0m] Started OpenBSD Secure Shell server.
         Starting Authorization Manager...
[[0;32m  OK  [0m] Started Virtualbox guest utils.
[[0;32m  OK  [0m] Started LSB: Record successful boot for GRUB.
[[0;32m  OK  [0m] Started LSB: automatic crash report generation.
[[0;32m  OK  [0m] Started Authorization Manager.
[[0;32m  OK  [0m] Started Accounts Service.
[[0;32m  OK  [0m] Started LXD - container startup/shutdown.
[[0;32m  OK  [0m] Started Dispatcher daemon for systemd-networkd.
[[0;32m  OK  [0m] Started Snappy daemon.
         Starting Wait until snapd is fully seeded...
[[0;32m  OK  [0m] Started Wait until snapd is fully seeded.
         Starting Apply the settings specified in cloud-config...
[[0;32m  OK  [0m] Reached target Multi-User System.
[[0;32m  OK  [0m] Reached target Graphical Interface.
         Starting Update UTMP about System Runlevel Changes...
[[0;32m  OK  [0m] Started Update UTMP about System Runlevel Changes.
[   17.370508] cloud-init[1185]: Cloud-init v. 19.4-33-gbb4131a2-0ubuntu1~18.04.1 running 'modules:config' at Mon, 27 Jul 2020 23:42:26 +0000. Up 17.22 seconds.
[[0;32m  OK  [0m] Started Apply the settings specified in cloud-config.
         Starting Execute cloud user/final scripts...
[   17.796864] cloud-init[1237]: Cloud-init v. 19.4-33-gbb4131a2-0ubuntu1~18.04.1 running 'modules:final' at Mon, 27 Jul 2020 23:42:26 +0000. Up 17.72 seconds.
[   17.798072] cloud-init[1237]: Cloud-init v. 19.4-33-gbb4131a2-0ubuntu1~18.04.1 finished at Mon, 27 Jul 2020 23:42:26 +0000. Datasource DataSourceNoCloud [seed=/dev/sdb][dsmode=net].  Up 17.79 seconds
[[0;32m  OK  [0m] Started Execute cloud user/final scripts.
[[0;32m  OK  [0m] Reached target Cloud-init target.

Ubuntu 18.04.4 LTS ubuntu-bionic ttyS0

ubuntu-bionic login: 